{
  "RSpec": {
    "coverage": {
      "C:/Users/Katarnikk/Documents/STUDIA/SEM 5/Ruby/Projekt2/lib/kantor.rb": [
        1,
        null,
        null,
        1,
        13,
        null,
        null,
        null,
        1,
        26,
        25,
        25,
        25,
        25,
        25,
        25,
        null,
        1,
        1,
        1,
        null,
        null,
        null,
        null,
        1,
        3,
        3,
        2,
        null,
        null,
        1,
        1,
        1,
        1,
        null,
        null,
        1,
        9,
        null,
        null,
        null,
        1,
        2,
        2,
        1,
        null,
        null,
        1,
        null,
        null,
        null,
        1,
        7,
        14,
        6,
        null,
        null,
        1,
        null,
        null,
        null,
        1,
        2,
        2,
        6,
        0,
        null,
        6,
        4,
        4,
        4,
        null,
        null,
        2,
        2,
        null,
        null,
        null,
        1,
        2,
        2,
        6,
        0,
        null,
        6,
        2,
        2,
        2,
        null,
        null,
        2,
        2,
        null,
        null,
        null,
        1,
        0,
        0,
        0,
        0,
        0,
        0,
        null,
        null,
        null,
        null,
        1,
        1,
        1,
        1,
        7,
        6,
        6,
        null,
        1,
        1,
        null,
        7,
        7,
        null,
        0,
        null,
        null,
        1,
        1,
        1,
        null,
        null,
        null,
        null,
        1,
        null,
        1,
        6,
        null,
        null,
        null,
        1,
        6,
        5,
        5,
        5,
        10,
        5,
        5,
        5,
        5,
        5,
        null,
        null,
        null,
        null,
        1,
        1,
        0,
        0,
        null,
        null,
        null,
        1,
        1,
        1,
        2,
        1,
        1,
        1,
        1,
        1,
        null,
        null,
        null,
        null,
        null,
        1,
        2,
        2,
        2,
        1,
        1,
        1,
        1,
        null,
        1,
        1,
        0,
        null,
        1,
        null,
        null,
        null,
        0,
        0,
        0,
        0,
        null,
        null,
        null,
        1,
        3,
        3,
        2,
        null,
        null,
        1,
        1,
        1,
        1,
        null,
        null,
        null,
        1,
        4,
        4,
        3,
        null,
        null,
        1,
        1,
        1,
        1,
        null,
        null,
        null,
        1,
        0,
        0,
        0,
        null,
        0,
        null,
        null,
        null,
        1,
        3,
        3,
        5,
        null,
        3,
        null,
        null,
        null,
        null,
        1,
        0,
        0,
        0,
        0,
        0,
        0,
        0,
        0,
        0,
        0,
        null,
        null,
        null,
        1,
        0,
        0,
        0,
        0,
        0,
        0,
        0,
        0,
        0,
        0,
        0,
        0,
        0,
        0,
        0,
        null,
        0,
        0,
        0,
        0,
        0,
        0,
        0,
        0,
        0,
        null,
        0,
        0,
        0,
        0,
        0,
        0,
        0,
        0,
        null,
        0,
        0,
        0,
        0,
        0,
        0,
        0,
        0,
        0,
        0,
        null,
        0,
        0,
        0,
        0,
        null,
        0,
        0,
        0,
        0,
        0,
        null,
        null,
        null,
        null,
        0,
        0,
        0,
        0,
        0,
        0,
        0,
        0,
        0,
        null,
        0,
        0,
        0,
        0,
        null,
        0,
        0,
        0,
        0,
        0,
        0,
        null,
        0,
        0,
        0,
        0,
        0,
        0,
        0,
        0,
        0,
        0,
        null,
        0,
        0,
        0,
        0,
        null,
        0,
        0,
        0,
        0,
        0,
        null,
        null,
        null,
        null,
        0,
        null,
        null,
        null,
        null,
        null,
        1,
        null,
        0,
        0,
        0,
        0,
        0,
        0,
        0,
        0,
        0,
        0,
        0,
        0,
        0,
        0,
        0,
        0,
        0,
        0,
        0,
        null,
        0,
        null,
        0,
        0,
        0,
        null,
        null,
        null,
        1,
        1,
        1,
        1,
        1,
        1,
        1,
        1,
        1,
        1,
        1,
        1,
        1,
        1,
        null,
        null,
        null,
        1,
        null,
        null,
        1,
        1,
        1,
        1,
        1,
        1,
        1,
        1,
        1,
        null,
        1,
        null,
        null,
        1,
        1,
        1,
        1,
        1,
        1,
        null,
        1,
        1,
        1,
        0,
        0,
        null,
        1,
        1,
        null,
        null,
        null,
        null,
        1,
        null,
        null,
        1,
        null,
        null,
        1,
        1,
        1,
        1,
        1,
        1,
        null,
        null,
        1,
        1,
        1,
        1,
        1,
        1,
        1,
        1,
        1,
        1,
        1,
        null,
        null,
        1,
        1,
        null,
        null,
        1,
        null,
        0,
        null,
        0,
        null,
        0,
        0,
        null,
        0,
        0,
        0,
        null,
        1,
        1,
        1,
        null,
        null,
        null,
        null,
        1,
        1,
        null,
        null,
        null,
        null,
        null,
        1,
        1,
        1
      ]
    },
    "timestamp": 1453155565
  }
}
